<?xml version="1.0" encoding="UTF-8"?>
<testsuite xmlns:xsi="http://www.w3.org/2001/XMLSchema-instance" xsi:noNamespaceSchemaLocation="https://maven.apache.org/surefire/maven-surefire-plugin/xsd/surefire-test-report-3.0.xsd" version="3.0" name="Address.example.address.AddressApplicationTests" time="6.217" tests="1" errors="0" skipped="0" failures="0">
  <properties>
[...]
</properties>
  <testcase name="contextLoads" classname="Address.example.address.AddressApplicationTests" time="1.215">
    <system-out><![CDATA[15:49:55.344 [main] INFO org.springframework.test.context.support.AnnotationConfigContextLoaderUtils -- Could not detect default configuration classes for test class [Address.example.address.AddressApplicationTests]: AddressApplicationTests does not declare any static, non-private, non-final, nested classes annotated with @Configuration.
15:49:55.434 [main] INFO org.springframework.boot.test.context.SpringBootTestContextBootstrapper -- Found @SpringBootConfiguration Address.example.address.AddressApplication for test class Address.example.address.AddressApplicationTests

  .   ____          _            __ _ _
 /\\ / ___'_ __ _ _(_)_ __  __ _ \ \ \ \
( ( )\___ | '_ | '_| | '_ \/ _` | \ \ \ \
 \\/  ___)| |_)| | | | | || (_| |  ) ) ) )
  '  |____| .__|_| |_|_| |_\__, | / / / /
 =========|_|==============|___/=/_/_/_/
 :: Spring Boot ::                (v3.1.2)

2023-08-11T15:49:55.825+07:00  INFO 18220 --- [           main] A.e.address.AddressApplicationTests      : Starting AddressApplicationTests using Java 17.0.8 with PID 18220 (started by vtronghieu in D:\address-service)
2023-08-11T15:49:55.827+07:00  INFO 18220 --- [           main] A.e.address.AddressApplicationTests      : No active profile set, falling back to 1 default profile: "default"
2023-08-11T15:49:56.474+07:00  INFO 18220 --- [           main] .s.d.r.c.RepositoryConfigurationDelegate : Bootstrapping Spring Data MongoDB repositories in DEFAULT mode.
2023-08-11T15:49:56.557+07:00  INFO 18220 --- [           main] .s.d.r.c.RepositoryConfigurationDelegate : Finished Spring Data repository scanning in 79 ms. Found 1 MongoDB repository interfaces.
2023-08-11T15:49:56.802+07:00  INFO 18220 --- [           main] o.s.cloud.context.scope.GenericScope     : BeanFactory id=d0edbfdf-c054-3f94-95da-ba2ece64e838
2023-08-11T15:49:56.898+07:00  INFO 18220 --- [           main] trationDelegate$BeanPostProcessorChecker : Bean 'org.springframework.cloud.client.loadbalancer.reactive.LoadBalancerBeanPostProcessorAutoConfiguration' of type [org.springframework.cloud.client.loadbalancer.reactive.LoadBalancerBeanPostProcessorAutoConfiguration] is not eligible for getting processed by all BeanPostProcessors (for example: not eligible for auto-proxying)
2023-08-11T15:49:56.899+07:00  INFO 18220 --- [           main] trationDelegate$BeanPostProcessorChecker : Bean 'org.springframework.cloud.client.loadbalancer.reactive.LoadBalancerBeanPostProcessorAutoConfiguration$ReactorDeferringLoadBalancerFilterConfig' of type [org.springframework.cloud.client.loadbalancer.reactive.LoadBalancerBeanPostProcessorAutoConfiguration$ReactorDeferringLoadBalancerFilterConfig] is not eligible for getting processed by all BeanPostProcessors (for example: not eligible for auto-proxying)
2023-08-11T15:49:56.901+07:00  INFO 18220 --- [           main] trationDelegate$BeanPostProcessorChecker : Bean 'reactorDeferringLoadBalancerExchangeFilterFunction' of type [org.springframework.cloud.client.loadbalancer.reactive.DeferringLoadBalancerExchangeFilterFunction] is not eligible for getting processed by all BeanPostProcessors (for example: not eligible for auto-proxying)
2023-08-11T15:49:58.577+07:00  INFO 18220 --- [           main] org.mongodb.driver.client                : MongoClient with metadata {"driver": {"name": "mongo-java-driver|sync|spring-boot", "version": "4.9.1"}, "os": {"type": "Windows", "name": "Windows 10", "architecture": "amd64", "version": "10.0"}, "platform": "Java/IBM Corporation/17.0.8+6"} created with settings MongoClientSettings{readPreference=primary, writeConcern=WriteConcern{w=majority, wTimeout=null ms, journal=null}, retryWrites=true, retryReads=true, readConcern=ReadConcern{level=null}, credential=MongoCredential{mechanism=null, userName='vtronghieu', source='admin', password=<hidden>, mechanismProperties=<hidden>}, streamFactoryFactory=null, commandListeners=[], codecRegistry=ProvidersCodecRegistry{codecProviders=[ValueCodecProvider{}, BsonValueCodecProvider{}, DBRefCodecProvider{}, DBObjectCodecProvider{}, DocumentCodecProvider{}, CollectionCodecProvider{}, IterableCodecProvider{}, MapCodecProvider{}, GeoJsonCodecProvider{}, GridFSFileCodecProvider{}, Jsr310CodecProvider{}, JsonObjectCodecProvider{}, BsonCodecProvider{}, EnumCodecProvider{}, com.mongodb.client.model.mql.ExpressionCodecProvider@1060be, com.mongodb.Jep395RecordCodecProvider@fc4c9752]}, loggerSettings=LoggerSettings{maxDocumentLength=1000}, clusterSettings={hosts=[127.0.0.1:27017], srvHost=cluster0.bz5smxn.mongodb.net, srvServiceName=mongodb, mode=MULTIPLE, requiredClusterType=REPLICA_SET, requiredReplicaSetName='atlas-exh0f3-shard-0', serverSelector='null', clusterListeners='[]', serverSelectionTimeout='30000 ms', localThreshold='30000 ms'}, socketSettings=SocketSettings{connectTimeoutMS=10000, readTimeoutMS=0, receiveBufferSize=0, sendBufferSize=0}, heartbeatSocketSettings=SocketSettings{connectTimeoutMS=10000, readTimeoutMS=10000, receiveBufferSize=0, sendBufferSize=0}, connectionPoolSettings=ConnectionPoolSettings{maxSize=100, minSize=0, maxWaitTimeMS=120000, maxConnectionLifeTimeMS=0, maxConnectionIdleTimeMS=0, maintenanceInitialDelayMS=0, maintenanceFrequencyMS=60000, connectionPoolListeners=[], maxConnecting=2}, serverSettings=ServerSettings{heartbeatFrequencyMS=10000, minHeartbeatFrequencyMS=500, serverListeners='[]', serverMonitorListeners='[]'}, sslSettings=SslSettings{enabled=true, invalidHostNameAllowed=false, context=null}, applicationName='null', compressorList=[], uuidRepresentation=JAVA_LEGACY, serverApi=null, autoEncryptionSettings=null, contextProvider=null}
2023-08-11T15:49:59.950+07:00  INFO 18220 --- [           main] DiscoveryClientOptionalArgsConfiguration : Eureka HTTP Client uses RestTemplate.
2023-08-11T15:50:00.011+07:00  INFO 18220 --- [mxn.mongodb.net] org.mongodb.driver.cluster               : Adding discovered server ac-dafmvbd-shard-00-02.bz5smxn.mongodb.net:27017 to client view of cluster
2023-08-11T15:50:00.030+07:00  INFO 18220 --- [mxn.mongodb.net] org.mongodb.driver.cluster               : Adding discovered server ac-dafmvbd-shard-00-01.bz5smxn.mongodb.net:27017 to client view of cluster
2023-08-11T15:50:00.031+07:00  INFO 18220 --- [mxn.mongodb.net] org.mongodb.driver.cluster               : Adding discovered server ac-dafmvbd-shard-00-00.bz5smxn.mongodb.net:27017 to client view of cluster
2023-08-11T15:50:00.065+07:00  WARN 18220 --- [           main] iguration$LoadBalancerCaffeineWarnLogger : Spring Cloud LoadBalancer is currently working with the default cache. While this cache implementation is useful for development and tests, it's recommended to use Caffeine cache in production.You can switch to using Caffeine cache, by adding it and org.springframework.cache.caffeine.CaffeineCacheManager to the classpath.
2023-08-11T15:50:00.101+07:00  INFO 18220 --- [           main] o.s.c.n.eureka.InstanceInfoFactory       : Setting initial instance status as: STARTING
2023-08-11T15:50:00.133+07:00  INFO 18220 --- [           main] com.netflix.discovery.DiscoveryClient    : Initializing Eureka in region us-east-1
2023-08-11T15:50:00.134+07:00  INFO 18220 --- [           main] com.netflix.discovery.DiscoveryClient    : Client configured to neither register nor query for data.
2023-08-11T15:50:00.142+07:00  INFO 18220 --- [           main] com.netflix.discovery.DiscoveryClient    : Discovery Client initialized at timestamp 1691743800140 with initial instances count: 0
2023-08-11T15:50:00.149+07:00  INFO 18220 --- [           main] o.s.c.n.e.s.EurekaServiceRegistry        : Registering application ADDRESS-APP with eureka with status UP
2023-08-11T15:50:00.166+07:00  INFO 18220 --- [           main] A.e.address.AddressApplicationTests      : Started AddressApplicationTests in 4.612 seconds (process running for 5.608)
2023-08-11T15:50:00.736+07:00  INFO 18220 --- [ngodb.net:27017] org.mongodb.driver.cluster               : Monitor thread successfully connected to server with description ServerDescription{address=ac-dafmvbd-shard-00-01.bz5smxn.mongodb.net:27017, type=REPLICA_SET_SECONDARY, state=CONNECTED, ok=true, minWireVersion=0, maxWireVersion=17, maxDocumentSize=16777216, logicalSessionTimeoutMinutes=30, roundTripTimeNanos=339517200, setName='atlas-exh0f3-shard-0', canonicalAddress=ac-dafmvbd-shard-00-01.bz5smxn.mongodb.net:27017, hosts=[ac-dafmvbd-shard-00-00.bz5smxn.mongodb.net:27017, ac-dafmvbd-shard-00-01.bz5smxn.mongodb.net:27017, ac-dafmvbd-shard-00-02.bz5smxn.mongodb.net:27017], passives=[], arbiters=[], primary='ac-dafmvbd-shard-00-02.bz5smxn.mongodb.net:27017', tagSet=TagSet{[Tag{name='nodeType', value='ELECTABLE'}, Tag{name='provider', value='GCP'}, Tag{name='region', value='ASIA_SOUTH_1'}, Tag{name='workloadType', value='OPERATIONAL'}]}, electionId=null, setVersion=3, topologyVersion=TopologyVersion{processId=64cc164aa759f74186da6431, counter=3}, lastWriteDate=Fri Aug 11 15:50:00 ICT 2023, lastUpdateTimeNanos=605831333016700}
2023-08-11T15:50:00.736+07:00  INFO 18220 --- [ngodb.net:27017] org.mongodb.driver.cluster               : Monitor thread successfully connected to server with description ServerDescription{address=ac-dafmvbd-shard-00-00.bz5smxn.mongodb.net:27017, type=REPLICA_SET_SECONDARY, state=CONNECTED, ok=true, minWireVersion=0, maxWireVersion=17, maxDocumentSize=16777216, logicalSessionTimeoutMinutes=30, roundTripTimeNanos=346906500, setName='atlas-exh0f3-shard-0', canonicalAddress=ac-dafmvbd-shard-00-00.bz5smxn.mongodb.net:27017, hosts=[ac-dafmvbd-shard-00-00.bz5smxn.mongodb.net:27017, ac-dafmvbd-shard-00-01.bz5smxn.mongodb.net:27017, ac-dafmvbd-shard-00-02.bz5smxn.mongodb.net:27017], passives=[], arbiters=[], primary='ac-dafmvbd-shard-00-02.bz5smxn.mongodb.net:27017', tagSet=TagSet{[Tag{name='nodeType', value='ELECTABLE'}, Tag{name='provider', value='GCP'}, Tag{name='region', value='ASIA_SOUTH_1'}, Tag{name='workloadType', value='OPERATIONAL'}]}, electionId=null, setVersion=3, topologyVersion=TopologyVersion{processId=64cc1431bad63923c52907da, counter=4}, lastWriteDate=Fri Aug 11 15:50:00 ICT 2023, lastUpdateTimeNanos=605831333069900}
2023-08-11T15:50:00.736+07:00  INFO 18220 --- [ngodb.net:27017] org.mongodb.driver.cluster               : Monitor thread successfully connected to server with description ServerDescription{address=ac-dafmvbd-shard-00-02.bz5smxn.mongodb.net:27017, type=REPLICA_SET_PRIMARY, state=CONNECTED, ok=true, minWireVersion=0, maxWireVersion=17, maxDocumentSize=16777216, logicalSessionTimeoutMinutes=30, roundTripTimeNanos=343350700, setName='atlas-exh0f3-shard-0', canonicalAddress=ac-dafmvbd-shard-00-02.bz5smxn.mongodb.net:27017, hosts=[ac-dafmvbd-shard-00-00.bz5smxn.mongodb.net:27017, ac-dafmvbd-shard-00-01.bz5smxn.mongodb.net:27017, ac-dafmvbd-shard-00-02.bz5smxn.mongodb.net:27017], passives=[], arbiters=[], primary='ac-dafmvbd-shard-00-02.bz5smxn.mongodb.net:27017', tagSet=TagSet{[Tag{name='nodeType', value='ELECTABLE'}, Tag{name='provider', value='GCP'}, Tag{name='region', value='ASIA_SOUTH_1'}, Tag{name='workloadType', value='OPERATIONAL'}]}, electionId=7fffffff000000000000005e, setVersion=3, topologyVersion=TopologyVersion{processId=64cc152622fd5241a3e77c50, counter=6}, lastWriteDate=Fri Aug 11 15:50:00 ICT 2023, lastUpdateTimeNanos=605831333049200}
2023-08-11T15:50:00.739+07:00  INFO 18220 --- [ngodb.net:27017] org.mongodb.driver.cluster               : Discovered replica set primary ac-dafmvbd-shard-00-02.bz5smxn.mongodb.net:27017 with max election id 7fffffff000000000000005e and max set version 3
]]></system-out>
  </testcase>
</testsuite>